app/build/intermediates/manifest_merge_blame_file/debug/manifest-merger-blame-debug-report.txt
1<?xml version="1.0" encoding="utf-8"?>
2<manifest xmlns:android="http://schemas.android.com/apk/res/android"
3    package="com.example.alaminu"
4    android:versionCode="1"
5    android:versionName="1.0" >
6
7    <uses-sdk
8        android:minSdkVersion="21"
9        android:targetSdkVersion="33" />
10
11    <permission
11-->[androidx.core:core:1.12.0] AndroidManifest.xml:22:5-24:47
12        android:name="com.example.alaminu.DYNAMIC_RECEIVER_NOT_EXPORTED_PERMISSION"
12-->[androidx.core:core:1.12.0] AndroidManifest.xml:23:9-81
13        android:protectionLevel="signature" />
13-->[androidx.core:core:1.12.0] AndroidManifest.xml:24:9-44
14
15    <uses-permission android:name="com.example.alaminu.DYNAMIC_RECEIVER_NOT_EXPORTED_PERMISSION" />
15-->[androidx.core:core:1.12.0] AndroidManifest.xml:26:5-97
15-->[androidx.core:core:1.12.0] AndroidManifest.xml:26:22-94
16
17    <application
17-->src\main\AndroidManifest.xml:5:5-41:19
18        android:allowBackup="true"
18-->src\main\AndroidManifest.xml:6:9-35
19        android:appComponentFactory="androidx.core.app.CoreComponentFactory"
19-->[androidx.core:core:1.12.0] AndroidManifest.xml:28:18-86
20        android:dataExtractionRules="@xml/data_extraction_rules"
20-->src\main\AndroidManifest.xml:7:9-65
21        android:debuggable="true"
22        android:extractNativeLibs="true"
23        android:fullBackupContent="@xml/backup_rules"
23-->src\main\AndroidManifest.xml:8:9-54
24        android:icon="@mipmap/ic_launcher"
24-->src\main\AndroidManifest.xml:9:9-43
25        android:label="@string/app_name"
25-->src\main\AndroidManifest.xml:10:9-41
26        android:roundIcon="@mipmap/ic_launcher_round"
26-->src\main\AndroidManifest.xml:11:9-54
27        android:supportsRtl="true"
27-->src\main\AndroidManifest.xml:12:9-35
28        android:testOnly="true"
29        android:theme="@style/Theme.alaminu" >
29-->src\main\AndroidManifest.xml:13:9-45
30        <activity
30-->src\main\AndroidManifest.xml:15:9-25:20
31            android:name="com.example.alaminu.SplashScreen"
31-->src\main\AndroidManifest.xml:16:13-41
32            android:exported="true"
32-->src\main\AndroidManifest.xml:17:13-36
33            android:label="@string/app_name"
33-->src\main\AndroidManifest.xml:18:13-45
34            android:theme="@style/SplashScreenTheme" >
34-->src\main\AndroidManifest.xml:19:13-53
35            <intent-filter>
35-->src\main\AndroidManifest.xml:20:13-24:29
36                <action android:name="android.intent.action.MAIN" />
36-->src\main\AndroidManifest.xml:21:17-69
36-->src\main\AndroidManifest.xml:21:25-66
37
38                <category android:name="android.intent.category.LAUNCHER" />
38-->src\main\AndroidManifest.xml:23:17-77
38-->src\main\AndroidManifest.xml:23:27-74
39            </intent-filter>
40        </activity>
41        <activity
41-->src\main\AndroidManifest.xml:26:9-30:20
42            android:name="com.example.alaminu.ui.slider.Onboarding"
42-->src\main\AndroidManifest.xml:27:13-49
43            android:exported="true"
43-->src\main\AndroidManifest.xml:28:13-36
44            android:theme="@style/Introduction" >
44-->src\main\AndroidManifest.xml:29:13-48
45        </activity>
46        <activity
46-->src\main\AndroidManifest.xml:31:9-35:20
47            android:name="com.example.alaminu.MainActivity"
47-->src\main\AndroidManifest.xml:32:13-41
48            android:exported="true"
48-->src\main\AndroidManifest.xml:33:13-36
49            android:theme="@style/Introduction" >
49-->src\main\AndroidManifest.xml:34:13-48
50        </activity>
51        <activity
51-->src\main\AndroidManifest.xml:36:9-40:20
52            android:name="com.example.alaminu.LoginActivity"
52-->src\main\AndroidManifest.xml:37:13-42
53            android:exported="true"
53-->src\main\AndroidManifest.xml:38:13-36
54            android:theme="@style/SplashScreenTheme" >
54-->src\main\AndroidManifest.xml:39:13-53
55        </activity>
56        <activity
56-->[com.github.chuckerteam.chucker:library:3.3.0] AndroidManifest.xml:10:9-15:52
57            android:name="com.chuckerteam.chucker.internal.ui.MainActivity"
57-->[com.github.chuckerteam.chucker:library:3.3.0] AndroidManifest.xml:11:13-76
58            android:label="@string/chucker_name"
58-->[com.github.chuckerteam.chucker:library:3.3.0] AndroidManifest.xml:12:13-49
59            android:launchMode="singleTask"
59-->[com.github.chuckerteam.chucker:library:3.3.0] AndroidManifest.xml:13:13-44
60            android:taskAffinity="com.chuckerteam.chucker.task"
60-->[com.github.chuckerteam.chucker:library:3.3.0] AndroidManifest.xml:14:13-64
61            android:theme="@style/Chucker.Theme" />
61-->[com.github.chuckerteam.chucker:library:3.3.0] AndroidManifest.xml:15:13-49
62        <activity
62-->[com.github.chuckerteam.chucker:library:3.3.0] AndroidManifest.xml:16:9-19:52
63            android:name="com.chuckerteam.chucker.internal.ui.transaction.TransactionActivity"
63-->[com.github.chuckerteam.chucker:library:3.3.0] AndroidManifest.xml:17:13-95
64            android:parentActivityName="com.chuckerteam.chucker.internal.ui.MainActivity"
64-->[com.github.chuckerteam.chucker:library:3.3.0] AndroidManifest.xml:18:13-90
65            android:theme="@style/Chucker.Theme" />
65-->[com.github.chuckerteam.chucker:library:3.3.0] AndroidManifest.xml:19:13-49
66        <activity
66-->[com.github.chuckerteam.chucker:library:3.3.0] AndroidManifest.xml:20:9-23:52
67            android:name="com.chuckerteam.chucker.internal.ui.throwable.ThrowableActivity"
67-->[com.github.chuckerteam.chucker:library:3.3.0] AndroidManifest.xml:21:13-91
68            android:parentActivityName="com.chuckerteam.chucker.internal.ui.MainActivity"
68-->[com.github.chuckerteam.chucker:library:3.3.0] AndroidManifest.xml:22:13-90
69            android:theme="@style/Chucker.Theme" />
69-->[com.github.chuckerteam.chucker:library:3.3.0] AndroidManifest.xml:23:13-49
70
71        <service
71-->[com.github.chuckerteam.chucker:library:3.3.0] AndroidManifest.xml:25:9-27:40
72            android:name="com.chuckerteam.chucker.internal.support.ClearDatabaseService"
72-->[com.github.chuckerteam.chucker:library:3.3.0] AndroidManifest.xml:26:13-89
73            android:exported="false" />
73-->[com.github.chuckerteam.chucker:library:3.3.0] AndroidManifest.xml:27:13-37
74
75        <provider
75-->[com.github.chuckerteam.chucker:library:3.3.0] AndroidManifest.xml:29:9-37:20
76            android:name="com.chuckerteam.chucker.internal.support.ChuckerFileProvider"
76-->[com.github.chuckerteam.chucker:library:3.3.0] AndroidManifest.xml:30:13-88
77            android:authorities="com.example.alaminu.com.chuckerteam.chucker.provider"
77-->[com.github.chuckerteam.chucker:library:3.3.0] AndroidManifest.xml:31:13-84
78            android:exported="false"
78-->[com.github.chuckerteam.chucker:library:3.3.0] AndroidManifest.xml:32:13-37
79            android:grantUriPermissions="true" >
79-->[com.github.chuckerteam.chucker:library:3.3.0] AndroidManifest.xml:33:13-47
80            <meta-data
80-->[com.github.chuckerteam.chucker:library:3.3.0] AndroidManifest.xml:34:13-36:66
81                android:name="android.support.FILE_PROVIDER_PATHS"
81-->[com.github.chuckerteam.chucker:library:3.3.0] AndroidManifest.xml:35:17-67
82                android:resource="@xml/chucker_provider_paths" />
82-->[com.github.chuckerteam.chucker:library:3.3.0] AndroidManifest.xml:36:17-63
83        </provider>
84        <provider
84-->[androidx.emoji2:emoji2:1.2.0] AndroidManifest.xml:24:9-32:20
85            android:name="androidx.startup.InitializationProvider"
85-->[androidx.emoji2:emoji2:1.2.0] AndroidManifest.xml:25:13-67
86            android:authorities="com.example.alaminu.androidx-startup"
86-->[androidx.emoji2:emoji2:1.2.0] AndroidManifest.xml:26:13-68
87            android:exported="false" >
87-->[androidx.emoji2:emoji2:1.2.0] AndroidManifest.xml:27:13-37
88            <meta-data
88-->[androidx.emoji2:emoji2:1.2.0] AndroidManifest.xml:29:13-31:52
89                android:name="androidx.emoji2.text.EmojiCompatInitializer"
89-->[androidx.emoji2:emoji2:1.2.0] AndroidManifest.xml:30:17-75
90                android:value="androidx.startup" />
90-->[androidx.emoji2:emoji2:1.2.0] AndroidManifest.xml:31:17-49
91            <meta-data
91-->[androidx.lifecycle:lifecycle-process:2.6.2] AndroidManifest.xml:29:13-31:52
92                android:name="androidx.lifecycle.ProcessLifecycleInitializer"
92-->[androidx.lifecycle:lifecycle-process:2.6.2] AndroidManifest.xml:30:17-78
93                android:value="androidx.startup" />
93-->[androidx.lifecycle:lifecycle-process:2.6.2] AndroidManifest.xml:31:17-49
94            <meta-data
94-->[androidx.profileinstaller:profileinstaller:1.3.0] AndroidManifest.xml:29:13-31:52
95                android:name="androidx.profileinstaller.ProfileInstallerInitializer"
95-->[androidx.profileinstaller:profileinstaller:1.3.0] AndroidManifest.xml:30:17-85
96                android:value="androidx.startup" />
96-->[androidx.profileinstaller:profileinstaller:1.3.0] AndroidManifest.xml:31:17-49
97        </provider>
98
99        <uses-library
99-->[androidx.window:window:1.0.0] AndroidManifest.xml:25:9-27:40
100            android:name="androidx.window.extensions"
100-->[androidx.window:window:1.0.0] AndroidManifest.xml:26:13-54
101            android:required="false" />
101-->[androidx.window:window:1.0.0] AndroidManifest.xml:27:13-37
102        <uses-library
102-->[androidx.window:window:1.0.0] AndroidManifest.xml:28:9-30:40
103            android:name="androidx.window.sidecar"
103-->[androidx.window:window:1.0.0] AndroidManifest.xml:29:13-51
104            android:required="false" />
104-->[androidx.window:window:1.0.0] AndroidManifest.xml:30:13-37
105
106        <service
106-->[androidx.room:room-runtime:2.5.2] AndroidManifest.xml:24:9-28:63
107            android:name="androidx.room.MultiInstanceInvalidationService"
107-->[androidx.room:room-runtime:2.5.2] AndroidManifest.xml:25:13-74
108            android:directBootAware="true"
108-->[androidx.room:room-runtime:2.5.2] AndroidManifest.xml:26:13-43
109            android:exported="false" />
109-->[androidx.room:room-runtime:2.5.2] AndroidManifest.xml:27:13-37
110
111        <receiver
111-->[androidx.profileinstaller:profileinstaller:1.3.0] AndroidManifest.xml:34:9-52:20
112            android:name="androidx.profileinstaller.ProfileInstallReceiver"
112-->[androidx.profileinstaller:profileinstaller:1.3.0] AndroidManifest.xml:35:13-76
113            android:directBootAware="false"
113-->[androidx.profileinstaller:profileinstaller:1.3.0] AndroidManifest.xml:36:13-44
114            android:enabled="true"
114-->[androidx.profileinstaller:profileinstaller:1.3.0] AndroidManifest.xml:37:13-35
115            android:exported="true"
115-->[androidx.profileinstaller:profileinstaller:1.3.0] AndroidManifest.xml:38:13-36
116            android:permission="android.permission.DUMP" >
116-->[androidx.profileinstaller:profileinstaller:1.3.0] AndroidManifest.xml:39:13-57
117            <intent-filter>
117-->[androidx.profileinstaller:profileinstaller:1.3.0] AndroidManifest.xml:40:13-42:29
118                <action android:name="androidx.profileinstaller.action.INSTALL_PROFILE" />
118-->[androidx.profileinstaller:profileinstaller:1.3.0] AndroidManifest.xml:41:17-91
118-->[androidx.profileinstaller:profileinstaller:1.3.0] AndroidManifest.xml:41:25-88
119            </intent-filter>
120            <intent-filter>
120-->[androidx.profileinstaller:profileinstaller:1.3.0] AndroidManifest.xml:43:13-45:29
121                <action android:name="androidx.profileinstaller.action.SKIP_FILE" />
121-->[androidx.profileinstaller:profileinstaller:1.3.0] AndroidManifest.xml:44:17-85
121-->[androidx.profileinstaller:profileinstaller:1.3.0] AndroidManifest.xml:44:25-82
122            </intent-filter>
123            <intent-filter>
123-->[androidx.profileinstaller:profileinstaller:1.3.0] AndroidManifest.xml:46:13-48:29
124                <action android:name="androidx.profileinstaller.action.SAVE_PROFILE" />
124-->[androidx.profileinstaller:profileinstaller:1.3.0] AndroidManifest.xml:47:17-88
124-->[androidx.profileinstaller:profileinstaller:1.3.0] AndroidManifest.xml:47:25-85
125            </intent-filter>
126            <intent-filter>
126-->[androidx.profileinstaller:profileinstaller:1.3.0] AndroidManifest.xml:49:13-51:29
127                <action android:name="androidx.profileinstaller.action.BENCHMARK_OPERATION" />
127-->[androidx.profileinstaller:profileinstaller:1.3.0] AndroidManifest.xml:50:17-95
127-->[androidx.profileinstaller:profileinstaller:1.3.0] AndroidManifest.xml:50:25-92
128            </intent-filter>
129        </receiver>
130    </application>
131
132</manifest>